DEBUG - 2025-07-05 00:28:04 --> Session: Class initialized using 'CodeIgniter\Session\Handlers\FileHandler' driver.
DEBUG - 2025-07-05 00:28:23 --> Session: Class initialized using 'CodeIgniter\Session\Handlers\FileHandler' driver.
CRITICAL - 2025-07-05 00:28:23 --> ErrorException: Namespace declaration statement has to be the very first statement or after any declare call in the script
[Method: GET, Route: dashboard]
in APPPATH\Controllers\Dashboard.php on line 3.
 1 [internal function]: CodeIgniter\Debug\Exceptions->shutdownHandler()
CRITICAL - 2025-07-05 00:29:20 --> ErrorException: Namespace declaration statement has to be the very first statement or after any declare call in the script
[Method: GET, Route: dashboard]
in APPPATH\Controllers\Dashboard.php on line 3.
 1 [internal function]: CodeIgniter\Debug\Exceptions->shutdownHandler()
DEBUG - 2025-07-05 00:29:37 --> Session: Class initialized using 'CodeIgniter\Session\Handlers\FileHandler' driver.
CRITICAL - 2025-07-05 00:29:37 --> ErrorException: Undefined variable $audit
[Method: GET, Route: dashboard]
in APPPATH\Views\dashboard\index.php on line 11.
 1 APPPATH\Views\dashboard\index.php(11): CodeIgniter\Debug\Exceptions->errorHandler(2, 'Undefined variable $audit', 'C:\\xampp\\htdocs\\spbu-report\\app\\Views\\dashboard\\index.php', 11)
 2 SYSTEMPATH\View\View.php(224): include('C:\\xampp\\htdocs\\spbu-report\\app\\Views\\dashboard\\index.php')
 3 SYSTEMPATH\View\View.php(227): CodeIgniter\View\View->CodeIgniter\View\{closure}()
 4 SYSTEMPATH\Common.php(1173): CodeIgniter\View\View->render('dashboard/index', [], true)
 5 APPPATH\Controllers\Dashboard.php(49): view('dashboard/index', [...])
 6 SYSTEMPATH\CodeIgniter.php(933): App\Controllers\Dashboard->index()
 7 SYSTEMPATH\CodeIgniter.php(507): CodeIgniter\CodeIgniter->runController(Object(App\Controllers\Dashboard))
 8 SYSTEMPATH\CodeIgniter.php(354): CodeIgniter\CodeIgniter->handleRequest(null, Object(Config\Cache), false)
 9 SYSTEMPATH\Boot.php(334): CodeIgniter\CodeIgniter->run()
10 SYSTEMPATH\Boot.php(67): CodeIgniter\Boot::runCodeIgniter(Object(CodeIgniter\CodeIgniter))
11 FCPATH\index.php(56): CodeIgniter\Boot::bootWeb(Object(Config\Paths))
DEBUG - 2025-07-05 00:34:11 --> Session: Class initialized using 'CodeIgniter\Session\Handlers\FileHandler' driver.
CRITICAL - 2025-07-05 00:34:12 --> ErrorException: Undefined variable $stok
[Method: GET, Route: dashboard]
in APPPATH\Views\dashboard\index.php on line 15.
 1 APPPATH\Views\dashboard\index.php(15): CodeIgniter\Debug\Exceptions->errorHandler(2, 'Undefined variable $stok', 'C:\\xampp\\htdocs\\spbu-report\\app\\Views\\dashboard\\index.php', 15)
 2 SYSTEMPATH\View\View.php(224): include('C:\\xampp\\htdocs\\spbu-report\\app\\Views\\dashboard\\index.php')
 3 SYSTEMPATH\View\View.php(227): CodeIgniter\View\View->CodeIgniter\View\{closure}()
 4 SYSTEMPATH\Common.php(1173): CodeIgniter\View\View->render('dashboard/index', [], true)
 5 APPPATH\Controllers\Dashboard.php(49): view('dashboard/index', [...])
 6 SYSTEMPATH\CodeIgniter.php(933): App\Controllers\Dashboard->index()
 7 SYSTEMPATH\CodeIgniter.php(507): CodeIgniter\CodeIgniter->runController(Object(App\Controllers\Dashboard))
 8 SYSTEMPATH\CodeIgniter.php(354): CodeIgniter\CodeIgniter->handleRequest(null, Object(Config\Cache), false)
 9 SYSTEMPATH\Boot.php(334): CodeIgniter\CodeIgniter->run()
10 SYSTEMPATH\Boot.php(67): CodeIgniter\Boot::runCodeIgniter(Object(CodeIgniter\CodeIgniter))
11 FCPATH\index.php(56): CodeIgniter\Boot::bootWeb(Object(Config\Paths))
CRITICAL - 2025-07-05 00:42:00 --> Error: Class "App\Models\AuditModel" not found
[Method: GET, Route: dashboard]
in APPPATH\Controllers\Dashboard.php on line 28.
 1 SYSTEMPATH\CodeIgniter.php(903): App\Controllers\Dashboard->__construct()
 2 SYSTEMPATH\CodeIgniter.php(498): CodeIgniter\CodeIgniter->createController()
 3 SYSTEMPATH\CodeIgniter.php(354): CodeIgniter\CodeIgniter->handleRequest(null, Object(Config\Cache), false)
 4 SYSTEMPATH\Boot.php(334): CodeIgniter\CodeIgniter->run()
 5 SYSTEMPATH\Boot.php(67): CodeIgniter\Boot::runCodeIgniter(Object(CodeIgniter\CodeIgniter))
 6 FCPATH\index.php(56): CodeIgniter\Boot::bootWeb(Object(Config\Paths))
CRITICAL - 2025-07-05 00:42:23 --> Error: Class "App\Models\AuditModel" not found
[Method: GET, Route: dashboard]
in APPPATH\Controllers\Dashboard.php on line 28.
 1 SYSTEMPATH\CodeIgniter.php(903): App\Controllers\Dashboard->__construct()
 2 SYSTEMPATH\CodeIgniter.php(498): CodeIgniter\CodeIgniter->createController()
 3 SYSTEMPATH\CodeIgniter.php(354): CodeIgniter\CodeIgniter->handleRequest(null, Object(Config\Cache), false)
 4 SYSTEMPATH\Boot.php(334): CodeIgniter\CodeIgniter->run()
 5 SYSTEMPATH\Boot.php(67): CodeIgniter\Boot::runCodeIgniter(Object(CodeIgniter\CodeIgniter))
 6 FCPATH\index.php(56): CodeIgniter\Boot::bootWeb(Object(Config\Paths))
DEBUG - 2025-07-05 00:48:03 --> Session: Class initialized using 'CodeIgniter\Session\Handlers\FileHandler' driver.
CRITICAL - 2025-07-05 00:48:03 --> ErrorException: foreach() argument must be of type array|object, string given
[Method: GET, Route: dashboard]
in APPPATH\Views\dashboard\index.php on line 11.
 1 APPPATH\Views\dashboard\index.php(11): CodeIgniter\Debug\Exceptions->errorHandler(2, 'foreach() argument must be of type array|object, string given', 'C:\\xampp\\htdocs\\spbu-report\\app\\Views\\dashboard\\index.php', 11)
 2 SYSTEMPATH\View\View.php(224): include('C:\\xampp\\htdocs\\spbu-report\\app\\Views\\dashboard\\index.php')
 3 SYSTEMPATH\View\View.php(227): CodeIgniter\View\View->CodeIgniter\View\{closure}()
 4 SYSTEMPATH\Common.php(1173): CodeIgniter\View\View->render('dashboard/index', [], true)
 5 APPPATH\Controllers\Dashboard.php(52): view('dashboard/index', [...])
 6 SYSTEMPATH\CodeIgniter.php(933): App\Controllers\Dashboard->index()
 7 SYSTEMPATH\CodeIgniter.php(507): CodeIgniter\CodeIgniter->runController(Object(App\Controllers\Dashboard))
 8 SYSTEMPATH\CodeIgniter.php(354): CodeIgniter\CodeIgniter->handleRequest(null, Object(Config\Cache), false)
 9 SYSTEMPATH\Boot.php(334): CodeIgniter\CodeIgniter->run()
10 SYSTEMPATH\Boot.php(67): CodeIgniter\Boot::runCodeIgniter(Object(CodeIgniter\CodeIgniter))
11 FCPATH\index.php(56): CodeIgniter\Boot::bootWeb(Object(Config\Paths))
DEBUG - 2025-07-05 00:52:01 --> Session: Class initialized using 'CodeIgniter\Session\Handlers\FileHandler' driver.
CRITICAL - 2025-07-05 00:52:01 --> ErrorException: foreach() argument must be of type array|object, string given
[Method: GET, Route: dashboard]
in APPPATH\Views\dashboard\index.php on line 11.
 1 APPPATH\Views\dashboard\index.php(11): CodeIgniter\Debug\Exceptions->errorHandler(2, 'foreach() argument must be of type array|object, string given', 'C:\\xampp\\htdocs\\spbu-report\\app\\Views\\dashboard\\index.php', 11)
 2 SYSTEMPATH\View\View.php(224): include('C:\\xampp\\htdocs\\spbu-report\\app\\Views\\dashboard\\index.php')
 3 SYSTEMPATH\View\View.php(227): CodeIgniter\View\View->CodeIgniter\View\{closure}()
 4 SYSTEMPATH\Common.php(1173): CodeIgniter\View\View->render('dashboard/index', [], true)
 5 APPPATH\Controllers\Dashboard.php(52): view('dashboard/index', [...])
 6 SYSTEMPATH\CodeIgniter.php(933): App\Controllers\Dashboard->index()
 7 SYSTEMPATH\CodeIgniter.php(507): CodeIgniter\CodeIgniter->runController(Object(App\Controllers\Dashboard))
 8 SYSTEMPATH\CodeIgniter.php(354): CodeIgniter\CodeIgniter->handleRequest(null, Object(Config\Cache), false)
 9 SYSTEMPATH\Boot.php(334): CodeIgniter\CodeIgniter->run()
10 SYSTEMPATH\Boot.php(67): CodeIgniter\Boot::runCodeIgniter(Object(CodeIgniter\CodeIgniter))
11 FCPATH\index.php(56): CodeIgniter\Boot::bootWeb(Object(Config\Paths))
DEBUG - 2025-07-05 00:55:53 --> Session: Class initialized using 'CodeIgniter\Session\Handlers\FileHandler' driver.
CRITICAL - 2025-07-05 00:55:53 --> ErrorException: Undefined variable $audit
[Method: GET, Route: dashboard]
in APPPATH\Views\dashboard\index.php on line 11.
 1 APPPATH\Views\dashboard\index.php(11): CodeIgniter\Debug\Exceptions->errorHandler(2, 'Undefined variable $audit', 'C:\\xampp\\htdocs\\spbu-report\\app\\Views\\dashboard\\index.php', 11)
 2 SYSTEMPATH\View\View.php(224): include('C:\\xampp\\htdocs\\spbu-report\\app\\Views\\dashboard\\index.php')
 3 SYSTEMPATH\View\View.php(227): CodeIgniter\View\View->CodeIgniter\View\{closure}()
 4 SYSTEMPATH\Common.php(1173): CodeIgniter\View\View->render('dashboard/index', [], true)
 5 APPPATH\Controllers\Dashboard.php(13): view('dashboard/index', [...])
 6 SYSTEMPATH\CodeIgniter.php(933): App\Controllers\Dashboard->index()
 7 SYSTEMPATH\CodeIgniter.php(507): CodeIgniter\CodeIgniter->runController(Object(App\Controllers\Dashboard))
 8 SYSTEMPATH\CodeIgniter.php(354): CodeIgniter\CodeIgniter->handleRequest(null, Object(Config\Cache), false)
 9 SYSTEMPATH\Boot.php(334): CodeIgniter\CodeIgniter->run()
10 SYSTEMPATH\Boot.php(67): CodeIgniter\Boot::runCodeIgniter(Object(CodeIgniter\CodeIgniter))
11 FCPATH\index.php(56): CodeIgniter\Boot::bootWeb(Object(Config\Paths))
DEBUG - 2025-07-05 00:56:09 --> Session: Class initialized using 'CodeIgniter\Session\Handlers\FileHandler' driver.
DEBUG - 2025-07-05 00:56:12 --> Session: Class initialized using 'CodeIgniter\Session\Handlers\FileHandler' driver.
DEBUG - 2025-07-05 00:57:44 --> Session: Class initialized using 'CodeIgniter\Session\Handlers\FileHandler' driver.
CRITICAL - 2025-07-05 00:57:44 --> ErrorException: Undefined variable $tangkiList
[Method: GET, Route: stok/laporan]
in APPPATH\Views\stok\laporan.php on line 11.
 1 APPPATH\Views\stok\laporan.php(11): CodeIgniter\Debug\Exceptions->errorHandler(2, 'Undefined variable $tangkiList', 'C:\\xampp\\htdocs\\spbu-report\\app\\Views\\stok\\laporan.php', 11)
 2 SYSTEMPATH\View\View.php(224): include('C:\\xampp\\htdocs\\spbu-report\\app\\Views\\stok\\laporan.php')
 3 SYSTEMPATH\View\View.php(227): CodeIgniter\View\View->CodeIgniter\View\{closure}()
 4 SYSTEMPATH\Common.php(1173): CodeIgniter\View\View->render('stok/laporan', [], true)
 5 APPPATH\Controllers\Stok.php(147): view('stok/laporan', [...])
 6 SYSTEMPATH\CodeIgniter.php(933): App\Controllers\Stok->laporan()
 7 SYSTEMPATH\CodeIgniter.php(507): CodeIgniter\CodeIgniter->runController(Object(App\Controllers\Stok))
 8 SYSTEMPATH\CodeIgniter.php(354): CodeIgniter\CodeIgniter->handleRequest(null, Object(Config\Cache), false)
 9 SYSTEMPATH\Boot.php(334): CodeIgniter\CodeIgniter->run()
10 SYSTEMPATH\Boot.php(67): CodeIgniter\Boot::runCodeIgniter(Object(CodeIgniter\CodeIgniter))
11 FCPATH\index.php(56): CodeIgniter\Boot::bootWeb(Object(Config\Paths))
DEBUG - 2025-07-05 01:00:28 --> Session: Class initialized using 'CodeIgniter\Session\Handlers\FileHandler' driver.
CRITICAL - 2025-07-05 01:00:28 --> ErrorException: Undefined variable $tangkiList
[Method: GET, Route: stok/laporan]
in APPPATH\Views\stok\laporan.php on line 11.
 1 APPPATH\Views\stok\laporan.php(11): CodeIgniter\Debug\Exceptions->errorHandler(2, 'Undefined variable $tangkiList', 'C:\\xampp\\htdocs\\spbu-report\\app\\Views\\stok\\laporan.php', 11)
 2 SYSTEMPATH\View\View.php(224): include('C:\\xampp\\htdocs\\spbu-report\\app\\Views\\stok\\laporan.php')
 3 SYSTEMPATH\View\View.php(227): CodeIgniter\View\View->CodeIgniter\View\{closure}()
 4 SYSTEMPATH\Common.php(1173): CodeIgniter\View\View->render('stok/laporan', [], true)
 5 APPPATH\Controllers\Stok.php(147): view('stok/laporan', [...])
 6 SYSTEMPATH\CodeIgniter.php(933): App\Controllers\Stok->laporan()
 7 SYSTEMPATH\CodeIgniter.php(507): CodeIgniter\CodeIgniter->runController(Object(App\Controllers\Stok))
 8 SYSTEMPATH\CodeIgniter.php(354): CodeIgniter\CodeIgniter->handleRequest(null, Object(Config\Cache), false)
 9 SYSTEMPATH\Boot.php(334): CodeIgniter\CodeIgniter->run()
10 SYSTEMPATH\Boot.php(67): CodeIgniter\Boot::runCodeIgniter(Object(CodeIgniter\CodeIgniter))
11 FCPATH\index.php(56): CodeIgniter\Boot::bootWeb(Object(Config\Paths))
DEBUG - 2025-07-05 01:02:09 --> Session: Class initialized using 'CodeIgniter\Session\Handlers\FileHandler' driver.
CRITICAL - 2025-07-05 01:02:09 --> ErrorException: Undefined variable $tangkiList
[Method: GET, Route: stok/laporan]
in APPPATH\Views\stok\laporan.php on line 11.
 1 APPPATH\Views\stok\laporan.php(11): CodeIgniter\Debug\Exceptions->errorHandler(2, 'Undefined variable $tangkiList', 'C:\\xampp\\htdocs\\spbu-report\\app\\Views\\stok\\laporan.php', 11)
 2 SYSTEMPATH\View\View.php(224): include('C:\\xampp\\htdocs\\spbu-report\\app\\Views\\stok\\laporan.php')
 3 SYSTEMPATH\View\View.php(227): CodeIgniter\View\View->CodeIgniter\View\{closure}()
 4 SYSTEMPATH\Common.php(1173): CodeIgniter\View\View->render('stok/laporan', [], true)
 5 APPPATH\Controllers\Stok.php(147): view('stok/laporan', [...])
 6 SYSTEMPATH\CodeIgniter.php(933): App\Controllers\Stok->laporan()
 7 SYSTEMPATH\CodeIgniter.php(507): CodeIgniter\CodeIgniter->runController(Object(App\Controllers\Stok))
 8 SYSTEMPATH\CodeIgniter.php(354): CodeIgniter\CodeIgniter->handleRequest(null, Object(Config\Cache), false)
 9 SYSTEMPATH\Boot.php(334): CodeIgniter\CodeIgniter->run()
10 SYSTEMPATH\Boot.php(67): CodeIgniter\Boot::runCodeIgniter(Object(CodeIgniter\CodeIgniter))
11 FCPATH\index.php(56): CodeIgniter\Boot::bootWeb(Object(Config\Paths))
DEBUG - 2025-07-05 01:26:34 --> Session: Class initialized using 'CodeIgniter\Session\Handlers\FileHandler' driver.
